0 info it worked if it ends with ok
1 verbose cli [ 'D:\\Program Files\\nodejs\\node.exe',
1 verbose cli   'C:\\Users\\Administrator\\AppData\\Roaming\\npm\\node_modules\\npm\\bin\\npm-cli.js',
1 verbose cli   'run',
1 verbose cli   'watch' ]
2 info using npm@3.10.8
3 info using node@v6.7.0
4 verbose run-script [ 'prewatch', 'watch', 'postwatch' ]
5 info lifecycle ionic2@~prewatch: ionic2@
6 silly lifecycle ionic2@~prewatch: no script for prewatch, continuing
7 info lifecycle ionic2@~watch: ionic2@
8 verbose lifecycle ionic2@~watch: unsafe-perm in lifecycle true
9 verbose lifecycle ionic2@~watch: PATH: C:\Users\Administrator\AppData\Roaming\npm\node_modules\npm\bin\node-gyp-bin;D:\xampp\htdocs\ionic2\node_modules\.bin;C:\Windows\system32;C:\Windows;C:\Windows\System32\Wbem;C:\Windows\System32\WindowsPowerShell\v1.0\;C:\Program Files\Lenovo\Bluetooth Software\;C:\Program Files\Lenovo\Bluetooth Software\syswow64;d:\Program Files (x86)\Git\cmd;D:\program files (x86)\apache-ant-1.9.7\bin;D:\Users\Administrator\AppData\Local\Android\sdk\tools;D:\Users\Administrator\AppData\Local\Android\sdk\platform-tools;D:\Program Files\Java\jdk1.7.0_17\bin;C:\Windows\system32\config\systemprofile\.dnx\bin;C:\Program Files\Microsoft DNX\Dnvm\;C:\Program Files\Microsoft SQL Server\130\Tools\Binn\;C:\Program Files (x86)\Windows Kits\10\Windows Performance Toolkit\;D:\xampp\php;D:\Program Files\nodejs\;D:\program files (x86)\apache-ant-1.9.7\bin;C:\Program Files (x86)\SSH Communications Security\SSH Secure Shell;D:\Program Files\nodejs;C:\Users\Administrator\AppData\Roaming\npm
10 verbose lifecycle ionic2@~watch: CWD: D:\xampp\htdocs\ionic2
11 silly lifecycle ionic2@~watch: Args: [ '/d /s /c', 'ionic-app-scripts watch' ]
12 silly lifecycle ionic2@~watch: Returned: code: 3221225786  signal: null
13 info lifecycle ionic2@~watch: Failed to exec watch script
14 verbose stack Error: ionic2@ watch: `ionic-app-scripts watch`
14 verbose stack Exit status 3221225786
14 verbose stack     at EventEmitter.<anonymous> (C:\Users\Administrator\AppData\Roaming\npm\node_modules\npm\lib\utils\lifecycle.js:255:16)
14 verbose stack     at emitTwo (events.js:106:13)
14 verbose stack     at EventEmitter.emit (events.js:191:7)
14 verbose stack     at ChildProcess.<anonymous> (C:\Users\Administrator\AppData\Roaming\npm\node_modules\npm\lib\utils\spawn.js:40:14)
14 verbose stack     at emitTwo (events.js:106:13)
14 verbose stack     at ChildProcess.emit (events.js:191:7)
14 verbose stack     at maybeClose (internal/child_process.js:877:16)
14 verbose stack     at Process.ChildProcess._handle.onexit (internal/child_process.js:226:5)
15 verbose pkgid ionic2@
16 verbose cwd D:\xampp\htdocs\ionic2
17 error Windows_NT 6.1.7601
18 error argv "D:\\Program Files\\nodejs\\node.exe" "C:\\Users\\Administrator\\AppData\\Roaming\\npm\\node_modules\\npm\\bin\\npm-cli.js" "run" "watch"
19 error node v6.7.0
20 error npm  v3.10.8
21 error code ELIFECYCLE
22 error ionic2@ watch: `ionic-app-scripts watch`
22 error Exit status 3221225786
23 error Failed at the ionic2@ watch script 'ionic-app-scripts watch'.
23 error Make sure you have the latest version of node.js and npm installed.
23 error If you do, this is most likely a problem with the ionic2 package,
23 error not with npm itself.
23 error Tell the author that this fails on your system:
23 error     ionic-app-scripts watch
23 error You can get information on how to open an issue for this project with:
23 error     npm bugs ionic2
23 error Or if that isn't available, you can get their info via:
23 error     npm owner ls ionic2
23 error There is likely additional logging output above.
24 verbose exit [ 1, true ]
